[2020-06-01 06:10:42] local.ERROR: Command "cache:cleare" is not defined.

Did you mean one of these?
    cache:clear
    cache:forget
    cache:table
    config:clear
    event:clear
    optimize:clear
    route:clear
    view:clear {"exception":"[object] (Symfony\\Component\\Console\\Exception\\CommandNotFoundException(code: 0): Command \"cache:cleare\" is not defined.

Did you mean one of these?
    cache:clear
    cache:forget
    cache:table
    config:clear
    event:clear
    optimize:clear
    route:clear
    view:clear at D:\\OSPanel\\domains\\laravel-vue-jwt-social-auth\\vendor\\symfony\\console\\Application.php:669)
[stacktrace]
#0 D:\\OSPanel\\domains\\laravel-vue-jwt-social-auth\\vendor\\symfony\\console\\Application.php(235): Symfony\\Component\\Console\\Application->find('cache:cleare')
#1 D:\\OSPanel\\domains\\laravel-vue-jwt-social-auth\\vendor\\symfony\\console\\Application.php(147): Symfony\\Component\\Console\\Application->doRun(Object(Symfony\\Component\\Console\\Input\\ArgvInput), Object(Symfony\\Component\\Console\\Output\\ConsoleOutput))
#2 D:\\OSPanel\\domains\\laravel-vue-jwt-social-auth\\vendor\\laravel\\framework\\src\\Illuminate\\Console\\Application.php(90): Symfony\\Component\\Console\\Application->run(Object(Symfony\\Component\\Console\\Input\\ArgvInput), Object(Symfony\\Component\\Console\\Output\\ConsoleOutput))
#3 D:\\OSPanel\\domains\\laravel-vue-jwt-social-auth\\vendor\\laravel\\framework\\src\\Illuminate\\Foundation\\Console\\Kernel.php(133): Illuminate\\Console\\Application->run(Object(Symfony\\Component\\Console\\Input\\ArgvInput), Object(Symfony\\Component\\Console\\Output\\ConsoleOutput))
#4 D:\\OSPanel\\domains\\laravel-vue-jwt-social-auth\\artisan(37): Illuminate\\Foundation\\Console\\Kernel->handle(Object(Symfony\\Component\\Console\\Input\\ArgvInput), Object(Symfony\\Component\\Console\\Output\\ConsoleOutput))
#5 {main}
"} 
